<?xml version="1.0" encoding="UTF-8"?>
<!-- Generated by org.testng.reporters.JUnitReportReporter -->
<testsuite hostname="LAPTOP-O6FQ45Q5" failures="0" tests="1" name="DropDownDemo" time="5.167" errors="0" timestamp="10 Apr 2019 03:10:55 GMT" skipped="0">
  <testcase classname="DropDownDemo" name="testcase1" time="5.167"/>
</testsuite> <!-- DropDownDemo -->
