<?xml version="1.0" encoding="UTF-8"?>
<!-- Generated by org.testng.reporters.JUnitReportReporter -->
<testsuite hostname="LAPTOP-O6FQ45Q5" failures="0" tests="1" name="stepdef.Utility" time="6.036" errors="0" timestamp="05 Apr 2019 01:28:35 GMT" skipped="0">
  <testcase classname="stepdef.Utility" name="open_Firefox_and_start_the_App" time="6.036"/>
</testsuite> <!-- stepdef.Utility -->
