<?xml version="1.0" encoding="UTF-8"?>
<!-- Generated by org.testng.reporters.JUnitReportReporter -->
<testsuite hostname="LAPTOP-O6FQ45Q5" failures="0" tests="1" name="DropDownDemo" time="4.864" errors="0" timestamp="25 Mar 2019 00:53:16 GMT" skipped="0">
  <testcase classname="DropDownDemo" name="testcase1" time="4.864"/>
</testsuite> <!-- DropDownDemo -->
